

Started GET "/" for 127.0.0.1 at 2014-03-12 12:12:21 -0500

ActiveRecord::PendingMigrationError (Migrations are pending; run 'bin/rake db:migrate RAILS_ENV=development' to resolve this issue.):
  activerecord (4.0.2) lib/active_record/migration.rb:379:in `check_pending!'
  activerecord (4.0.2) lib/active_record/migration.rb:366:in `call'
  actionpack (4.0.2) lib/action_dispatch/middleware/callbacks.rb:29:in `block in call'
  activesupport (4.0.2) lib/active_support/callbacks.rb:373:in `_run__4295602234630130495__call__callbacks'
  activesupport (4.0.2) lib/active_support/callbacks.rb:80:in `run_callbacks'
  actionpack (4.0.2) lib/action_dispatch/middleware/callbacks.rb:27:in `call'
  actionpack (4.0.2) lib/action_dispatch/middleware/reloader.rb:64:in `call'
  actionpack (4.0.2) lib/action_dispatch/middleware/remote_ip.rb:76:in `call'
  actionpack (4.0.2) lib/action_dispatch/middleware/debug_exceptions.rb:17:in `call'
  actionpack (4.0.2) lib/action_dispatch/middleware/show_exceptions.rb:30:in `call'
  railties (4.0.2) lib/rails/rack/logger.rb:38:in `call_app'
  railties (4.0.2) lib/rails/rack/logger.rb:20:in `block in call'
  activesupport (4.0.2) lib/active_support/tagged_logging.rb:67:in `block in tagged'
  activesupport (4.0.2) lib/active_support/tagged_logging.rb:25:in `tagged'
  activesupport (4.0.2) lib/active_support/tagged_logging.rb:67:in `tagged'
  railties (4.0.2) lib/rails/rack/logger.rb:20:in `call'
  actionpack (4.0.2) lib/action_dispatch/middleware/request_id.rb:21:in `call'
  rack (1.5.2) lib/rack/methodoverride.rb:21:in `call'
  rack (1.5.2) lib/rack/runtime.rb:17:in `call'
  activesupport (4.0.2) lib/active_support/cache/strategy/local_cache.rb:83:in `call'
  rack (1.5.2) lib/rack/lock.rb:17:in `call'
  actionpack (4.0.2) lib/action_dispatch/middleware/static.rb:64:in `call'
  rack (1.5.2) lib/rack/sendfile.rb:112:in `call'
  railties (4.0.2) lib/rails/engine.rb:511:in `call'
  railties (4.0.2) lib/rails/application.rb:97:in `call'
  rack (1.5.2) lib/rack/lock.rb:17:in `call'
  rack (1.5.2) lib/rack/content_length.rb:14:in `call'
  rack (1.5.2) lib/rack/handler/webrick.rb:60:in `service'
  /Users/StreamWu/.rvm/rubies/ruby-2.1.0/lib/ruby/2.1.0/webrick/httpserver.rb:138:in `service'
  /Users/StreamWu/.rvm/rubies/ruby-2.1.0/lib/ruby/2.1.0/webrick/httpserver.rb:94:in `run'
  /Users/StreamWu/.rvm/rubies/ruby-2.1.0/lib/ruby/2.1.0/webrick/server.rb:295:in `block in start_thread'


  Rendered /Users/StreamWu/.rvm/gems/ruby-2.1.0/gems/actionpack-4.0.2/lib/action_dispatch/middleware/templates/rescues/_source.erb (1.2ms)
  Rendered /Users/StreamWu/.rvm/gems/ruby-2.1.0/gems/actionpack-4.0.2/lib/action_dispatch/middleware/templates/rescues/_trace.erb (1.7ms)
  Rendered /Users/StreamWu/.rvm/gems/ruby-2.1.0/gems/actionpack-4.0.2/lib/action_dispatch/middleware/templates/rescues/_request_and_response.erb (1.1ms)
  Rendered /Users/StreamWu/.rvm/gems/ruby-2.1.0/gems/actionpack-4.0.2/lib/action_dispatch/middleware/templates/rescues/diagnostics.erb within rescues/layout (23.6ms)
  [1m[36m (0.8ms)[0m  [1mCREATE TABLE "schema_migrations" ("version" varchar(255) NOT NULL) [0m
  [1m[35m (0.6ms)[0m  CREATE UNIQUE INDEX "unique_schema_migrations" ON "schema_migrations" ("version")
  [1m[36mActiveRecord::SchemaMigration Load (0.1ms)[0m  [1mSELECT "schema_migrations".* FROM "schema_migrations"[0m
Migrating to CreateNotes (20131122155506)
  [1m[35m (0.1ms)[0m  begin transaction
  [1m[36m (0.5ms)[0m  [1mCREATE TABLE "notes" ("id" INTEGER PRIMARY KEY AUTOINCREMENT NOT NULL, "content" varchar(255)) [0m
  [1m[35mSQL (0.2ms)[0m  INSERT INTO "schema_migrations" ("version") VALUES (?)  [["version", "20131122155506"]]
  [1m[36m (0.7ms)[0m  [1mcommit transaction[0m
  [1m[35mActiveRecord::SchemaMigration Load (0.1ms)[0m  SELECT "schema_migrations".* FROM "schema_migrations"
  [1m[36mActiveRecord::SchemaMigration Load (0.1ms)[0m  [1mSELECT "schema_migrations".* FROM "schema_migrations"[0m
  [1m[35mNote Load (0.1ms)[0m  SELECT "notes".* FROM "notes"
  [1m[36m (0.1ms)[0m  [1mbegin transaction[0m
  [1m[35mSQL (0.7ms)[0m  INSERT INTO "notes" ("content") VALUES (?)  [["content", "Rails Models are Ruby classes intended to represent real-world things."]]
  [1m[36m (2.3ms)[0m  [1mcommit transaction[0m
  [1m[35m (0.1ms)[0m  begin transaction
  [1m[36mSQL (0.2ms)[0m  [1mINSERT INTO "notes" ("content") VALUES (?)[0m  [["content", "Instance variables in controllers hold data for the views."]]
  [1m[35m (0.7ms)[0m  commit transaction
  [1m[36m (0.0ms)[0m  [1mbegin transaction[0m
  [1m[35mSQL (0.2ms)[0m  INSERT INTO "notes" ("content") VALUES (?)  [["content", "Rails is best for database-backed web applications."]]
  [1m[36m (0.8ms)[0m  [1mcommit transaction[0m
  [1m[35m (0.1ms)[0m  begin transaction
  [1m[36mSQL (0.2ms)[0m  [1mINSERT INTO "notes" ("content") VALUES (?)[0m  [["content", "Pairing accelerates learning."]]
  [1m[35m (0.7ms)[0m  commit transaction
  [1m[36m (0.0ms)[0m  [1mbegin transaction[0m
  [1m[35mSQL (0.2ms)[0m  INSERT INTO "notes" ("content") VALUES (?)  [["content", "In Ruby, everything is an object."]]
  [1m[36m (0.7ms)[0m  [1mcommit transaction[0m


Started GET "/" for 127.0.0.1 at 2014-03-12 12:12:52 -0500
  [1m[36mActiveRecord::SchemaMigration Load (0.1ms)[0m  [1mSELECT "schema_migrations".* FROM "schema_migrations"[0m
Processing by NotesController#index as HTML
  [1m[35mNote Load (0.2ms)[0m  SELECT "notes".* FROM "notes"
  Rendered notes/_row.html.erb (1.2ms)
  Rendered notes/_row.html.erb (0.3ms)
  Rendered notes/_row.html.erb (0.4ms)
  Rendered notes/_row.html.erb (0.3ms)
  Rendered notes/_row.html.erb (0.3ms)
  Rendered notes/index.html.erb within layouts/application (19.9ms)
Warning. Error encountered while saving cache a8817edc6132c82e48eceafb50d09f8e7f7e6073/pages.css.scssc: can't dump anonymous class #<Class:0x000001039f5cc8>

Completed 200 OK in 450ms (Views: 427.5ms | ActiveRecord: 0.4ms)


Started GET "/assets/notebook.css?body=1" for 127.0.0.1 at 2014-03-12 12:12:53 -0500


Started GET "/assets/reset.css?body=1" for 127.0.0.1 at 2014-03-12 12:12:53 -0500


Started GET "/assets/pages.css?body=1" for 127.0.0.1 at 2014-03-12 12:12:53 -0500


Started GET "/assets/jquery.js?body=1" for 127.0.0.1 at 2014-03-12 12:12:53 -0500


Started GET "/assets/jquery_ujs.js?body=1" for 127.0.0.1 at 2014-03-12 12:12:53 -0500


Started GET "/assets/application.css?body=1" for 127.0.0.1 at 2014-03-12 12:12:53 -0500


Started GET "/assets/turbolinks.js?body=1" for 127.0.0.1 at 2014-03-12 12:12:53 -0500


Started GET "/assets/application.js?body=1" for 127.0.0.1 at 2014-03-12 12:12:53 -0500


Started GET "/assets/bulb.jpg" for 127.0.0.1 at 2014-03-12 12:12:53 -0500


Started GET "/" for 127.0.0.1 at 2014-03-12 20:44:58 -0500
  [1m[36mActiveRecord::SchemaMigration Load (0.7ms)[0m  [1mSELECT "schema_migrations".* FROM "schema_migrations"[0m
Processing by NotesController#index as HTML
  [1m[35mNote Load (0.6ms)[0m  SELECT "notes".* FROM "notes"
  Rendered notes/_row.html.erb (1.2ms)
  Rendered notes/_row.html.erb (0.4ms)
  Rendered notes/_row.html.erb (0.5ms)
  Rendered notes/_row.html.erb (0.4ms)
  Rendered notes/_row.html.erb (0.3ms)
  Rendered notes/index.html.erb within layouts/application (23.7ms)
Completed 200 OK in 96ms (Views: 77.2ms | ActiveRecord: 0.8ms)


Started GET "/assets/reset.css?body=1" for 127.0.0.1 at 2014-03-12 20:44:58 -0500


Started GET "/assets/application.css?body=1" for 127.0.0.1 at 2014-03-12 20:44:58 -0500


Started GET "/assets/pages.css?body=1" for 127.0.0.1 at 2014-03-12 20:44:58 -0500


Started GET "/assets/jquery_ujs.js?body=1" for 127.0.0.1 at 2014-03-12 20:44:58 -0500


Started GET "/assets/jquery.js?body=1" for 127.0.0.1 at 2014-03-12 20:44:58 -0500


Started GET "/assets/notebook.css?body=1" for 127.0.0.1 at 2014-03-12 20:44:58 -0500


Started GET "/assets/turbolinks.js?body=1" for 127.0.0.1 at 2014-03-12 20:44:58 -0500


Started GET "/assets/application.js?body=1" for 127.0.0.1 at 2014-03-12 20:44:58 -0500


Started GET "/assets/bulb.jpg" for 127.0.0.1 at 2014-03-12 20:44:58 -0500


Started GET "/notes/1/edit" for 127.0.0.1 at 2014-03-12 21:36:41 -0500
Processing by NotesController#edit as HTML
  Parameters: {"id"=>"1"}
  [1m[36mNote Load (0.2ms)[0m  [1mSELECT "notes".* FROM "notes" WHERE "notes"."id" = 1 LIMIT 1[0m
  Rendered notes/edit.html.erb within layouts/application (1.6ms)
Completed 200 OK in 14ms (Views: 8.2ms | ActiveRecord: 0.2ms)


Started GET "/assets/bulb.jpg" for 127.0.0.1 at 2014-03-12 21:36:41 -0500


Started GET "/" for 127.0.0.1 at 2014-03-12 21:40:34 -0500
Processing by NotesController#index as HTML
  [1m[35mNote Load (0.1ms)[0m  SELECT "notes".* FROM "notes"
  Rendered notes/_row.html.erb (1.0ms)
  Rendered notes/_row.html.erb (0.3ms)
  Rendered notes/_row.html.erb (0.3ms)
  Rendered notes/_row.html.erb (0.3ms)
  Rendered notes/_row.html.erb (0.3ms)
  Rendered notes/index.html.erb within layouts/application (8.0ms)
Completed 200 OK in 13ms (Views: 12.4ms | ActiveRecord: 0.1ms)


Started GET "/assets/bulb.jpg" for 127.0.0.1 at 2014-03-12 21:40:34 -0500


Started GET "/" for 127.0.0.1 at 2014-03-12 21:40:34 -0500
Processing by NotesController#index as HTML
  [1m[36mNote Load (0.1ms)[0m  [1mSELECT "notes".* FROM "notes"[0m
  Rendered notes/_row.html.erb (0.4ms)
  Rendered notes/_row.html.erb (0.3ms)
  Rendered notes/_row.html.erb (0.3ms)
  Rendered notes/_row.html.erb (0.3ms)
  Rendered notes/_row.html.erb (0.3ms)
  Rendered notes/index.html.erb within layouts/application (5.9ms)
Completed 200 OK in 11ms (Views: 9.8ms | ActiveRecord: 0.1ms)


Started GET "/assets/bulb.jpg" for 127.0.0.1 at 2014-03-12 21:40:35 -0500


Started GET "/" for 127.0.0.1 at 2014-03-12 21:40:35 -0500
Processing by NotesController#index as HTML
  [1m[35mNote Load (0.2ms)[0m  SELECT "notes".* FROM "notes"
  Rendered notes/_row.html.erb (0.5ms)
  Rendered notes/_row.html.erb (0.4ms)
  Rendered notes/_row.html.erb (0.4ms)
  Rendered notes/_row.html.erb (0.4ms)
  Rendered notes/_row.html.erb (0.4ms)
  Rendered notes/index.html.erb within layouts/application (7.3ms)
Completed 200 OK in 12ms (Views: 11.5ms | ActiveRecord: 0.1ms)


Started GET "/assets/bulb.jpg" for 127.0.0.1 at 2014-03-12 21:40:35 -0500


Started GET "/" for 127.0.0.1 at 2014-03-12 21:40:36 -0500
Processing by NotesController#index as HTML
  [1m[36mNote Load (0.2ms)[0m  [1mSELECT "notes".* FROM "notes"[0m
  Rendered notes/_row.html.erb (0.5ms)
  Rendered notes/_row.html.erb (0.3ms)
  Rendered notes/_row.html.erb (0.3ms)
  Rendered notes/_row.html.erb (0.3ms)
  Rendered notes/_row.html.erb (0.3ms)
  Rendered notes/index.html.erb within layouts/application (6.4ms)
Completed 200 OK in 11ms (Views: 10.3ms | ActiveRecord: 0.2ms)


Started GET "/assets/bulb.jpg" for 127.0.0.1 at 2014-03-12 21:40:36 -0500


Started GET "/" for 127.0.0.1 at 2014-03-12 21:40:37 -0500
Processing by NotesController#index as HTML
  [1m[35mNote Load (0.2ms)[0m  SELECT "notes".* FROM "notes"
  Rendered notes/_row.html.erb (0.5ms)
  Rendered notes/_row.html.erb (0.4ms)
  Rendered notes/_row.html.erb (0.5ms)
  Rendered notes/_row.html.erb (0.4ms)
  Rendered notes/_row.html.erb (0.4ms)
  Rendered notes/index.html.erb within layouts/application (7.7ms)
Completed 200 OK in 13ms (Views: 12.0ms | ActiveRecord: 0.2ms)


Started GET "/assets/bulb.jpg" for 127.0.0.1 at 2014-03-12 21:40:37 -0500


Started GET "/" for 127.0.0.1 at 2014-03-12 21:40:55 -0500
Processing by NotesController#index as HTML
  [1m[36mNote Load (0.2ms)[0m  [1mSELECT "notes".* FROM "notes"[0m
  Rendered notes/_row.html.erb (0.5ms)
  Rendered notes/_row.html.erb (0.4ms)
  Rendered notes/_row.html.erb (0.4ms)
  Rendered notes/_row.html.erb (0.3ms)
  Rendered notes/_row.html.erb (0.4ms)
  Rendered notes/index.html.erb within layouts/application (6.8ms)
Completed 200 OK in 11ms (Views: 10.6ms | ActiveRecord: 0.2ms)


Started GET "/assets/bulb.jpg" for 127.0.0.1 at 2014-03-12 21:40:55 -0500


Started GET "/notes/1/edit" for 127.0.0.1 at 2014-03-12 22:18:12 -0500
Processing by NotesController#edit as HTML
  Parameters: {"id"=>"1"}
  [1m[35mNote Load (0.2ms)[0m  SELECT "notes".* FROM "notes" WHERE "notes"."id" = 1 LIMIT 1
  Rendered notes/edit.html.erb within layouts/application (1.4ms)
Completed 200 OK in 12ms (Views: 10.1ms | ActiveRecord: 0.2ms)


Started GET "/assets/bulb.jpg" for 127.0.0.1 at 2014-03-12 22:18:12 -0500


Started GET "/notes/1/edit" for 127.0.0.1 at 2014-03-12 22:18:36 -0500
Processing by NotesController#edit as HTML
  Parameters: {"id"=>"1"}
  [1m[36mNote Load (0.2ms)[0m  [1mSELECT "notes".* FROM "notes" WHERE "notes"."id" = 1 LIMIT 1[0m
  Rendered notes/edit.html.erb within layouts/application (1.8ms)
Completed 200 OK in 10ms (Views: 8.8ms | ActiveRecord: 0.2ms)


Started GET "/assets/bulb.jpg" for 127.0.0.1 at 2014-03-12 22:18:36 -0500


Started DELETE "/notes/1" for 127.0.0.1 at 2014-03-12 22:18:50 -0500
Processing by NotesController#destroy as JS
  Parameters: {"id"=>"1"}
  [1m[35mNote Load (0.2ms)[0m  SELECT "notes".* FROM "notes" WHERE "notes"."id" = 1 LIMIT 1
  [1m[36m (0.1ms)[0m  [1mbegin transaction[0m
  [1m[35mSQL (4.8ms)[0m  DELETE FROM "notes" WHERE "notes"."id" = ?  [["id", 1]]
  [1m[36m (0.8ms)[0m  [1mcommit transaction[0m
Completed 200 OK in 8ms (Views: 0.1ms | ActiveRecord: 5.8ms)


Started POST "/notes" for 127.0.0.1 at 2014-03-12 22:45:57 -0500
Processing by NotesController#create as JS
  Parameters: {"utf8"=>"✓", "note"=>{"content"=>"cheer up"}}
  [1m[35m (0.1ms)[0m  begin transaction
  [1m[36mSQL (0.3ms)[0m  [1mINSERT INTO "notes" ("content") VALUES (?)[0m  [["content", "cheer up"]]
  [1m[35m (2.9ms)[0m  commit transaction
  Rendered notes/_row.html.erb (0.9ms)
  Rendered notes/create.js.erb (2.3ms)
Completed 200 OK in 11ms (Views: 4.8ms | ActiveRecord: 3.3ms)


Started POST "/notes" for 127.0.0.1 at 2014-03-12 23:23:39 -0500
Processing by NotesController#create as JS
  Parameters: {"utf8"=>"✓", "note"=>{"content"=>"new"}}
  [1m[36m (0.1ms)[0m  [1mbegin transaction[0m
  [1m[35mSQL (0.5ms)[0m  INSERT INTO "notes" ("content") VALUES (?)  [["content", "new"]]
  [1m[36m (3.0ms)[0m  [1mcommit transaction[0m
  Rendered notes/_row.html.erb (0.6ms)
  Rendered notes/create.js.erb (1.7ms)
Completed 200 OK in 9ms (Views: 3.7ms | ActiveRecord: 3.6ms)


Started GET "/" for 127.0.0.1 at 2014-04-09 18:47:24 -0500
  [1m[36mActiveRecord::SchemaMigration Load (0.5ms)[0m  [1mSELECT "schema_migrations".* FROM "schema_migrations"[0m
Processing by NotesController#index as HTML
  [1m[35mNote Load (0.6ms)[0m  SELECT "notes".* FROM "notes"
  Rendered notes/_row.html.erb (1.2ms)
  Rendered notes/_row.html.erb (0.4ms)
  Rendered notes/_row.html.erb (0.3ms)
  Rendered notes/_row.html.erb (0.6ms)
  Rendered notes/_row.html.erb (0.4ms)
  Rendered notes/_row.html.erb (0.3ms)
  Rendered notes/index.html.erb within layouts/application (41.6ms)
Completed 200 OK in 115ms (Views: 95.1ms | ActiveRecord: 0.9ms)


Started GET "/assets/reset.css?body=1" for 127.0.0.1 at 2014-04-09 18:47:24 -0500


Started GET "/assets/notebook.css?body=1" for 127.0.0.1 at 2014-04-09 18:47:24 -0500


Started GET "/assets/application.css?body=1" for 127.0.0.1 at 2014-04-09 18:47:24 -0500


Started GET "/assets/pages.css?body=1" for 127.0.0.1 at 2014-04-09 18:47:24 -0500


Started GET "/assets/jquery.js?body=1" for 127.0.0.1 at 2014-04-09 18:47:24 -0500


Started GET "/assets/turbolinks.js?body=1" for 127.0.0.1 at 2014-04-09 18:47:24 -0500


Started GET "/assets/jquery_ujs.js?body=1" for 127.0.0.1 at 2014-04-09 18:47:24 -0500


Started GET "/assets/application.js?body=1" for 127.0.0.1 at 2014-04-09 18:47:24 -0500


Started GET "/assets/bulb.jpg" for 127.0.0.1 at 2014-04-09 18:47:24 -0500


Started GET "/notes/2/edit" for 127.0.0.1 at 2014-04-09 18:47:35 -0500
Processing by NotesController#edit as HTML
  Parameters: {"id"=>"2"}
  [1m[36mNote Load (0.2ms)[0m  [1mSELECT "notes".* FROM "notes" WHERE "notes"."id" = 2 LIMIT 1[0m
  Rendered notes/edit.html.erb within layouts/application (2.2ms)
Completed 200 OK in 14ms (Views: 7.6ms | ActiveRecord: 0.2ms)
